2023-04-18 08:56:57,968 INFO o.s.b.StartupInfoLogger [restartedMain] Starting KnowYourNeighborhoodApplication using Java 18.0.2.1 on WIN-J6AKPBS19DV with PID 12936 (C:\Users\Administrator\Documents\workspace-sts-3.9.12.RELEASE\KnowYourNeighborhoodApplication\target\classes started by Administrator in C:\Users\Administrator\Documents\workspace-sts-3.9.12.RELEASE\KnowYourNeighborhoodApplication)
2023-04-18 08:56:57,976 DEBUG o.s.b.StartupInfoLogger [restartedMain] Running with Spring Boot v2.6.9, Spring v5.3.21
2023-04-18 08:56:57,978 INFO o.s.b.SpringApplication [restartedMain] No active profile set, falling back to 1 default profile: "default"
2023-04-18 08:56:58,049 INFO o.s.b.l.DeferredLog [restartedMain] Devtools property defaults active! Set 'spring.devtools.add-properties' to 'false' to disable
2023-04-18 08:56:58,049 INFO o.s.b.l.DeferredLog [restartedMain] For additional web related logging consider setting the 'logging.level.web' property to 'DEBUG'
2023-04-18 08:56:58,843 INFO o.s.d.r.c.RepositoryConfigurationDelegate [restartedMain] Bootstrapping Spring Data JPA repositories in DEFAULT mode.
2023-04-18 08:56:58,916 INFO o.s.d.r.c.RepositoryConfigurationDelegate [restartedMain] Finished Spring Data repository scanning in 63 ms. Found 3 JPA repository interfaces.
2023-04-18 08:56:59,677 INFO o.s.b.w.e.t.TomcatWebServer [restartedMain] Tomcat initialized with port(s): 9090 (http)
2023-04-18 08:56:59,685 INFO o.a.j.l.DirectJDKLog [restartedMain] Initializing ProtocolHandler ["http-nio-9090"]
2023-04-18 08:56:59,686 INFO o.a.j.l.DirectJDKLog [restartedMain] Starting service [Tomcat]
2023-04-18 08:56:59,687 INFO o.a.j.l.DirectJDKLog [restartedMain] Starting Servlet engine: [Apache Tomcat/9.0.64]
2023-04-18 08:56:59,970 INFO o.a.j.l.DirectJDKLog [restartedMain] At least one JAR was scanned for TLDs yet contained no TLDs. Enable debug logging for this logger for a complete list of JARs that were scanned but no TLDs were found in them. Skipping unneeded JARs during scanning can improve startup time and JSP compilation time.
2023-04-18 08:56:59,977 INFO o.a.j.l.DirectJDKLog [restartedMain] Initializing Spring embedded WebApplicationContext
2023-04-18 08:56:59,978 INFO o.s.b.w.s.c.ServletWebServerApplicationContext [restartedMain] Root WebApplicationContext: initialization completed in 1927 ms
2023-04-18 08:57:00,178 INFO o.h.j.i.u.LogHelper [restartedMain] HHH000204: Processing PersistenceUnitInfo [name: default]
2023-04-18 08:57:00,223 INFO o.h.Version [restartedMain] HHH000412: Hibernate ORM core version 5.6.9.Final
2023-04-18 08:57:00,346 INFO o.h.a.c.r.j.JavaReflectionManager [restartedMain] HCANN000001: Hibernate Commons Annotations {5.1.2.Final}
2023-04-18 08:57:00,444 INFO c.z.h.HikariDataSource [restartedMain] HikariPool-1 - Starting...
2023-04-18 08:57:00,726 INFO c.z.h.HikariDataSource [restartedMain] HikariPool-1 - Start completed.
2023-04-18 08:57:00,738 INFO o.h.d.Dialect [restartedMain] HHH000400: Using dialect: org.hibernate.dialect.MySQL5Dialect
2023-04-18 08:57:01,487 DEBUG o.h.e.j.s.SqlStatementLogger [restartedMain] create table user (id bigint not null auto_increment, address varchar(255), email varchar(255), mobile varchar(255), name varchar(255), password varchar(255), user_name varchar(255), primary key (id)) engine=MyISAM
2023-04-18 08:57:01,537 INFO o.h.e.t.j.p.i.JtaPlatformInitiator [restartedMain] HHH000490: Using JtaPlatform implementation: [org.hibernate.engine.transaction.jta.platform.internal.NoJtaPlatform]
2023-04-18 08:57:01,547 INFO o.s.o.j.AbstractEntityManagerFactoryBean [restartedMain] Initialized JPA EntityManagerFactory for persistence unit 'default'
2023-04-18 08:57:02,009 WARN o.s.b.a.o.j.JpaBaseConfiguration$JpaWebConfiguration [restartedMain] spring.jpa.open-in-view is enabled by default. Therefore, database queries may be performed during view rendering. Explicitly configure spring.jpa.open-in-view to disable this warning
2023-04-18 08:57:02,238 INFO o.s.s.w.DefaultSecurityFilterChain [restartedMain] Will secure any request with [org.springframework.security.web.context.request.async.WebAsyncManagerIntegrationFilter@2a0bd261, org.springframework.security.web.context.SecurityContextPersistenceFilter@280850ff, org.springframework.security.web.header.HeaderWriterFilter@34b693af, org.springframework.security.web.csrf.CsrfFilter@5fcf13c2, org.springframework.security.web.authentication.logout.LogoutFilter@135e5b27, org.springframework.security.web.authentication.UsernamePasswordAuthenticationFilter@53096037, org.springframework.security.web.savedrequest.RequestCacheAwareFilter@4b9ecf76, org.springframework.security.web.servletapi.SecurityContextHolderAwareRequestFilter@683c990a, org.springframework.security.web.authentication.AnonymousAuthenticationFilter@1a879c68, org.springframework.security.web.session.SessionManagementFilter@c86ad5d, org.springframework.security.web.access.ExceptionTranslationFilter@742b7ebb, org.springframework.security.web.access.intercept.FilterSecurityInterceptor@68514bb]
2023-04-18 08:57:02,429 INFO o.s.b.a.w.s.WelcomePageHandlerMapping [restartedMain] Adding welcome page template: index
2023-04-18 08:57:02,590 INFO o.s.b.d.a.OptionalLiveReloadServer [restartedMain] LiveReload server is running on port 35729
2023-04-18 08:57:02,617 INFO o.a.j.l.DirectJDKLog [restartedMain] Starting ProtocolHandler ["http-nio-9090"]
2023-04-18 08:57:02,644 INFO o.s.b.w.e.t.TomcatWebServer [restartedMain] Tomcat started on port(s): 9090 (http) with context path ''
2023-04-18 08:57:02,658 INFO o.s.b.StartupInfoLogger [restartedMain] Started KnowYourNeighborhoodApplication in 4.957 seconds (JVM running for 6.011)
2023-04-18 08:57:17,457 INFO o.a.j.l.DirectJDKLog [http-nio-9090-exec-1] Initializing Spring DispatcherServlet 'dispatcherServlet'
2023-04-18 08:57:17,457 INFO o.s.w.s.FrameworkServlet [http-nio-9090-exec-1] Initializing Servlet 'dispatcherServlet'
2023-04-18 08:57:17,458 INFO o.s.w.s.FrameworkServlet [http-nio-9090-exec-1] Completed initialization in 1 ms
2023-04-18 08:58:03,307 INFO o.s.b.a.SpringApplicationAdminMXBeanRegistrar$SpringApplicationAdmin [RMI TCP Connection(2)-127.0.0.1] Application shutdown requested.
2023-04-18 08:58:03,330 INFO o.s.o.j.AbstractEntityManagerFactoryBean [RMI TCP Connection(2)-127.0.0.1] Closing JPA EntityManagerFactory for persistence unit 'default'
2023-04-18 08:58:03,332 INFO c.z.h.HikariDataSource [RMI TCP Connection(2)-127.0.0.1] HikariPool-1 - Shutdown initiated...
2023-04-18 08:58:03,338 INFO c.z.h.HikariDataSource [RMI TCP Connection(2)-127.0.0.1] HikariPool-1 - Shutdown completed.
