2023-04-19 11:51:10,920 INFO o.s.b.StartupInfoLogger [restartedMain] Starting KnowYourNeighborhoodApplication using Java 18.0.2.1 on WIN-J6AKPBS19DV with PID 8508 (C:\Users\Administrator\Documents\workspace-sts-3.9.12.RELEASE\KnowYourNeighborhoodApplication\target\classes started by Administrator in C:\Users\Administrator\Documents\workspace-sts-3.9.12.RELEASE\KnowYourNeighborhoodApplication)
2023-04-19 11:51:10,932 DEBUG o.s.b.StartupInfoLogger [restartedMain] Running with Spring Boot v2.6.9, Spring v5.3.21
2023-04-19 11:51:10,934 INFO o.s.b.SpringApplication [restartedMain] No active profile set, falling back to 1 default profile: "default"
2023-04-19 11:51:11,013 INFO o.s.b.l.DeferredLog [restartedMain] Devtools property defaults active! Set 'spring.devtools.add-properties' to 'false' to disable
2023-04-19 11:51:11,014 INFO o.s.b.l.DeferredLog [restartedMain] For additional web related logging consider setting the 'logging.level.web' property to 'DEBUG'
2023-04-19 11:51:11,748 INFO o.s.d.r.c.RepositoryConfigurationDelegate [restartedMain] Bootstrapping Spring Data JPA repositories in DEFAULT mode.
2023-04-19 11:51:11,804 INFO o.s.d.r.c.RepositoryConfigurationDelegate [restartedMain] Finished Spring Data repository scanning in 50 ms. Found 3 JPA repository interfaces.
2023-04-19 11:51:12,431 INFO o.s.b.w.e.t.TomcatWebServer [restartedMain] Tomcat initialized with port(s): 9090 (http)
2023-04-19 11:51:12,437 INFO o.a.j.l.DirectJDKLog [restartedMain] Initializing ProtocolHandler ["http-nio-9090"]
2023-04-19 11:51:12,437 INFO o.a.j.l.DirectJDKLog [restartedMain] Starting service [Tomcat]
2023-04-19 11:51:12,438 INFO o.a.j.l.DirectJDKLog [restartedMain] Starting Servlet engine: [Apache Tomcat/9.0.64]
2023-04-19 11:51:12,669 INFO o.a.j.l.DirectJDKLog [restartedMain] At least one JAR was scanned for TLDs yet contained no TLDs. Enable debug logging for this logger for a complete list of JARs that were scanned but no TLDs were found in them. Skipping unneeded JARs during scanning can improve startup time and JSP compilation time.
2023-04-19 11:51:12,674 INFO o.a.j.l.DirectJDKLog [restartedMain] Initializing Spring embedded WebApplicationContext
2023-04-19 11:51:12,674 INFO o.s.b.w.s.c.ServletWebServerApplicationContext [restartedMain] Root WebApplicationContext: initialization completed in 1659 ms
2023-04-19 11:51:12,810 INFO o.h.j.i.u.LogHelper [restartedMain] HHH000204: Processing PersistenceUnitInfo [name: default]
2023-04-19 11:51:12,844 INFO o.h.Version [restartedMain] HHH000412: Hibernate ORM core version 5.6.9.Final
2023-04-19 11:51:12,936 INFO o.h.a.c.r.j.JavaReflectionManager [restartedMain] HCANN000001: Hibernate Commons Annotations {5.1.2.Final}
2023-04-19 11:51:13,013 INFO c.z.h.HikariDataSource [restartedMain] HikariPool-1 - Starting...
2023-04-19 11:51:13,251 INFO c.z.h.HikariDataSource [restartedMain] HikariPool-1 - Start completed.
2023-04-19 11:51:13,260 INFO o.h.d.Dialect [restartedMain] HHH000400: Using dialect: org.hibernate.dialect.MySQL5Dialect
2023-04-19 11:51:13,836 INFO o.h.e.t.j.p.i.JtaPlatformInitiator [restartedMain] HHH000490: Using JtaPlatform implementation: [org.hibernate.engine.transaction.jta.platform.internal.NoJtaPlatform]
2023-04-19 11:51:13,842 INFO o.s.o.j.AbstractEntityManagerFactoryBean [restartedMain] Initialized JPA EntityManagerFactory for persistence unit 'default'
2023-04-19 11:51:14,223 WARN o.s.b.a.o.j.JpaBaseConfiguration$JpaWebConfiguration [restartedMain] spring.jpa.open-in-view is enabled by default. Therefore, database queries may be performed during view rendering. Explicitly configure spring.jpa.open-in-view to disable this warning
2023-04-19 11:51:14,439 INFO o.s.s.w.DefaultSecurityFilterChain [restartedMain] Will secure any request with [org.springframework.security.web.context.request.async.WebAsyncManagerIntegrationFilter@6f33aaeb, org.springframework.security.web.context.SecurityContextPersistenceFilter@5f6e4f53, org.springframework.security.web.header.HeaderWriterFilter@7f2435d7, org.springframework.security.web.csrf.CsrfFilter@6fe52d5e, org.springframework.security.web.authentication.logout.LogoutFilter@3a250c8b, org.springframework.security.web.authentication.UsernamePasswordAuthenticationFilter@11a0ff0a, org.springframework.security.web.savedrequest.RequestCacheAwareFilter@683c990a, org.springframework.security.web.servletapi.SecurityContextHolderAwareRequestFilter@52c7fb1b, org.springframework.security.web.authentication.AnonymousAuthenticationFilter@10efd7c3, org.springframework.security.web.session.SessionManagementFilter@3ce2d5bb, org.springframework.security.web.access.ExceptionTranslationFilter@282395bf, org.springframework.security.web.access.intercept.FilterSecurityInterceptor@6c0178f6]
2023-04-19 11:51:14,607 INFO o.s.b.a.w.s.WelcomePageHandlerMapping [restartedMain] Adding welcome page template: index
2023-04-19 11:51:14,750 INFO o.s.b.d.a.OptionalLiveReloadServer [restartedMain] LiveReload server is running on port 35729
2023-04-19 11:51:14,775 INFO o.a.j.l.DirectJDKLog [restartedMain] Starting ProtocolHandler ["http-nio-9090"]
2023-04-19 11:51:14,813 INFO o.s.b.w.e.t.TomcatWebServer [restartedMain] Tomcat started on port(s): 9090 (http) with context path ''
2023-04-19 11:51:14,822 INFO o.s.b.StartupInfoLogger [restartedMain] Started KnowYourNeighborhoodApplication in 4.319 seconds (JVM running for 5.315)
2023-04-19 11:51:25,736 INFO o.s.b.a.SpringApplicationAdminMXBeanRegistrar$SpringApplicationAdmin [RMI TCP Connection(2)-127.0.0.1] Application shutdown requested.
2023-04-19 11:51:25,766 INFO o.s.o.j.AbstractEntityManagerFactoryBean [RMI TCP Connection(2)-127.0.0.1] Closing JPA EntityManagerFactory for persistence unit 'default'
2023-04-19 11:51:25,769 INFO c.z.h.HikariDataSource [RMI TCP Connection(2)-127.0.0.1] HikariPool-1 - Shutdown initiated...
2023-04-19 11:51:25,779 INFO c.z.h.HikariDataSource [RMI TCP Connection(2)-127.0.0.1] HikariPool-1 - Shutdown completed.
